2026-03-03 10:27:12.298 WARN  [restartedMain] [] [] o.s.b.w.s.c.AnnotationConfigServletWebServerApplicationContext - Exception encountered during context initialization - cancelling refresh attempt: org.springframework.beans.factory.BeanDefinitionStoreException: I/O failure while processing configuration class [com.sep490.anomaly_training_backend.mapper.GroupProductMapperImpl]
2026-03-03 10:27:12.395 ERROR [restartedMain] [] [] o.s.boot.SpringApplication - Application run failed
org.springframework.beans.factory.BeanDefinitionStoreException: I/O failure while processing configuration class [com.sep490.anomaly_training_backend.mapper.GroupProductMapperImpl]
	at org.springframework.context.annotation.ConfigurationClassParser.processConfigurationClass(ConfigurationClassParser.java:272)
	at org.springframework.context.annotation.ConfigurationClassParser.parse(ConfigurationClassParser.java:205)
	at org.springframework.context.annotation.ConfigurationClassParser.doProcessConfigurationClass(ConfigurationClassParser.java:340)
	at org.springframework.context.annotation.ConfigurationClassParser.processConfigurationClass(ConfigurationClassParser.java:267)
	at org.springframework.context.annotation.ConfigurationClassParser.parse(ConfigurationClassParser.java:193)
	at org.springframework.context.annotation.ConfigurationClassParser.parse(ConfigurationClassParser.java:171)
	at org.springframework.context.annotation.ConfigurationClassPostProcessor.processConfigBeanDefinitions(ConfigurationClassPostProcessor.java:418)
	at org.springframework.context.annotation.ConfigurationClassPostProcessor.postProcessBeanDefinitionRegistry(ConfigurationClassPostProcessor.java:290)
	at org.springframework.context.support.PostProcessorRegistrationDelegate.invokeBeanDefinitionRegistryPostProcessors(PostProcessorRegistrationDelegate.java:349)
	at org.springframework.context.support.PostProcessorRegistrationDelegate.invokeBeanFactoryPostProcessors(PostProcessorRegistrationDelegate.java:118)
	at org.springframework.context.support.AbstractApplicationContext.invokeBeanFactoryPostProcessors(AbstractApplicationContext.java:791)
	at org.springframework.context.support.AbstractApplicationContext.refresh(AbstractApplicationContext.java:609)
	at org.springframework.boot.web.servlet.context.ServletWebServerApplicationContext.refresh(ServletWebServerApplicationContext.java:146)
	at org.springframework.boot.SpringApplication.refresh(SpringApplication.java:752)
	at org.springframework.boot.SpringApplication.refreshContext(SpringApplication.java:439)
	at org.springframework.boot.SpringApplication.run(SpringApplication.java:318)
	at org.springframework.boot.SpringApplication.run(SpringApplication.java:1361)
	at org.springframework.boot.SpringApplication.run(SpringApplication.java:1350)
	at com.sep490.anomaly_training_backend.AnomalyTrainingBackendApplication.main(AnomalyTrainingBackendApplication.java:12)
	at java.base/jdk.internal.reflect.DirectMethodHandleAccessor.invoke(DirectMethodHandleAccessor.java:103)
	at java.base/java.lang.reflect.Method.invoke(Method.java:580)
	at org.springframework.boot.devtools.restart.RestartLauncher.run(RestartLauncher.java:50)
Caused by: java.io.FileNotFoundException: class path resource [com/sep490/anomaly_training_backend/mapper/GroupProductMapper.class] cannot be opened because it does not exist
	at org.springframework.core.io.ClassPathResource.getInputStream(ClassPathResource.java:215)
	at org.springframework.core.type.classreading.SimpleMetadataReader.getClassReader(SimpleMetadataReader.java:54)
	at org.springframework.core.type.classreading.SimpleMetadataReader.<init>(SimpleMetadataReader.java:48)
	at org.springframework.core.type.classreading.SimpleMetadataReaderFactory.getMetadataReader(SimpleMetadataReaderFactory.java:103)
	at org.springframework.boot.type.classreading.ConcurrentReferenceCachingMetadataReaderFactory.createMetadataReader(ConcurrentReferenceCachingMetadataReaderFactory.java:98)
	at org.springframework.boot.type.classreading.ConcurrentReferenceCachingMetadataReaderFactory.getMetadataReader(ConcurrentReferenceCachingMetadataReaderFactory.java:85)
	at org.springframework.core.type.classreading.SimpleMetadataReaderFactory.getMetadataReader(SimpleMetadataReaderFactory.java:81)
	at org.springframework.boot.type.classreading.ConcurrentReferenceCachingMetadataReaderFactory.getMetadataReader(ConcurrentReferenceCachingMetadataReaderFactory.java:75)
	at org.springframework.context.annotation.ConfigurationClassParser.asSourceClass(ConfigurationClassParser.java:697)
	at org.springframework.context.annotation.ConfigurationClassParser$SourceClass.getSuperClass(ConfigurationClassParser.java:1033)
	at org.springframework.context.annotation.ConfigurationClassParser.doProcessConfigurationClass(ConfigurationClassParser.java:381)
	at org.springframework.context.annotation.ConfigurationClassParser.processConfigurationClass(ConfigurationClassParser.java:267)
	... 21 common frames omitted
2026-03-03 10:27:27.223 WARN  [restartedMain] [] [] o.s.b.w.s.c.AnnotationConfigServletWebServerApplicationContext - Exception encountered during context initialization - cancelling refresh attempt: org.springframework.beans.factory.BeanDefinitionStoreException: I/O failure while processing configuration class [com.sep490.anomaly_training_backend.mapper.GroupProductMapperImpl]
2026-03-03 10:27:27.240 ERROR [restartedMain] [] [] o.s.boot.SpringApplication - Application run failed
org.springframework.beans.factory.BeanDefinitionStoreException: I/O failure while processing configuration class [com.sep490.anomaly_training_backend.mapper.GroupProductMapperImpl]
	at org.springframework.context.annotation.ConfigurationClassParser.processConfigurationClass(ConfigurationClassParser.java:272)
	at org.springframework.context.annotation.ConfigurationClassParser.parse(ConfigurationClassParser.java:205)
	at org.springframework.context.annotation.ConfigurationClassParser.doProcessConfigurationClass(ConfigurationClassParser.java:340)
	at org.springframework.context.annotation.ConfigurationClassParser.processConfigurationClass(ConfigurationClassParser.java:267)
	at org.springframework.context.annotation.ConfigurationClassParser.parse(ConfigurationClassParser.java:193)
	at org.springframework.context.annotation.ConfigurationClassParser.parse(ConfigurationClassParser.java:171)
	at org.springframework.context.annotation.ConfigurationClassPostProcessor.processConfigBeanDefinitions(ConfigurationClassPostProcessor.java:418)
	at org.springframework.context.annotation.ConfigurationClassPostProcessor.postProcessBeanDefinitionRegistry(ConfigurationClassPostProcessor.java:290)
	at org.springframework.context.support.PostProcessorRegistrationDelegate.invokeBeanDefinitionRegistryPostProcessors(PostProcessorRegistrationDelegate.java:349)
	at org.springframework.context.support.PostProcessorRegistrationDelegate.invokeBeanFactoryPostProcessors(PostProcessorRegistrationDelegate.java:118)
	at org.springframework.context.support.AbstractApplicationContext.invokeBeanFactoryPostProcessors(AbstractApplicationContext.java:791)
	at org.springframework.context.support.AbstractApplicationContext.refresh(AbstractApplicationContext.java:609)
	at org.springframework.boot.web.servlet.context.ServletWebServerApplicationContext.refresh(ServletWebServerApplicationContext.java:146)
	at org.springframework.boot.SpringApplication.refresh(SpringApplication.java:752)
	at org.springframework.boot.SpringApplication.refreshContext(SpringApplication.java:439)
	at org.springframework.boot.SpringApplication.run(SpringApplication.java:318)
	at org.springframework.boot.SpringApplication.run(SpringApplication.java:1361)
	at org.springframework.boot.SpringApplication.run(SpringApplication.java:1350)
	at com.sep490.anomaly_training_backend.AnomalyTrainingBackendApplication.main(AnomalyTrainingBackendApplication.java:12)
	at java.base/jdk.internal.reflect.DirectMethodHandleAccessor.invoke(DirectMethodHandleAccessor.java:103)
	at java.base/java.lang.reflect.Method.invoke(Method.java:580)
	at org.springframework.boot.devtools.restart.RestartLauncher.run(RestartLauncher.java:50)
Caused by: java.io.FileNotFoundException: class path resource [com/sep490/anomaly_training_backend/mapper/GroupProductMapper.class] cannot be opened because it does not exist
	at org.springframework.core.io.ClassPathResource.getInputStream(ClassPathResource.java:215)
	at org.springframework.core.type.classreading.SimpleMetadataReader.getClassReader(SimpleMetadataReader.java:54)
	at org.springframework.core.type.classreading.SimpleMetadataReader.<init>(SimpleMetadataReader.java:48)
	at org.springframework.core.type.classreading.SimpleMetadataReaderFactory.getMetadataReader(SimpleMetadataReaderFactory.java:103)
	at org.springframework.boot.type.classreading.ConcurrentReferenceCachingMetadataReaderFactory.createMetadataReader(ConcurrentReferenceCachingMetadataReaderFactory.java:98)
	at org.springframework.boot.type.classreading.ConcurrentReferenceCachingMetadataReaderFactory.getMetadataReader(ConcurrentReferenceCachingMetadataReaderFactory.java:85)
	at org.springframework.core.type.classreading.SimpleMetadataReaderFactory.getMetadataReader(SimpleMetadataReaderFactory.java:81)
	at org.springframework.boot.type.classreading.ConcurrentReferenceCachingMetadataReaderFactory.getMetadataReader(ConcurrentReferenceCachingMetadataReaderFactory.java:75)
	at org.springframework.context.annotation.ConfigurationClassParser.asSourceClass(ConfigurationClassParser.java:697)
	at org.springframework.context.annotation.ConfigurationClassParser$SourceClass.getSuperClass(ConfigurationClassParser.java:1033)
	at org.springframework.context.annotation.ConfigurationClassParser.doProcessConfigurationClass(ConfigurationClassParser.java:381)
	at org.springframework.context.annotation.ConfigurationClassParser.processConfigurationClass(ConfigurationClassParser.java:267)
	... 21 common frames omitted
2026-03-03 10:28:13.039 ERROR [restartedMain] [] [] o.f.core.internal.command.DbMigrate - Migration of schema `anomaly_training` to version "2 - insert sample data" failed! Please restore backups and roll back database and code!
2026-03-03 10:28:13.069 ERROR [restartedMain] [] [] o.s.b.w.e.tomcat.TomcatStarter - Error starting Tomcat context. Exception: org.springframework.beans.factory.UnsatisfiedDependencyException. Message: Error creating bean with name 'jwtAuthenticationFilter' defined in file [/home/giap-thaidinh/DENSO/anomaly-training-backend/target/classes/com/sep490/anomaly_training_backend/security/JwtAuthenticationFilter.class]: Unsatisfied dependency expressed through constructor parameter 1: Error creating bean with name 'customUserDetailsService' defined in file [/home/giap-thaidinh/DENSO/anomaly-training-backend/target/classes/com/sep490/anomaly_training_backend/service/impl/CustomUserDetailsService.class]: Unsatisfied dependency expressed through constructor parameter 0: Error creating bean with name 'userRepository' defined in com.sep490.anomaly_training_backend.repository.UserRepository defined in @EnableJpaRepositories declared on JpaRepositoriesRegistrar.EnableJpaRepositoriesConfiguration: Cannot resolve reference to bean 'jpaSharedEM_entityManagerFactory' while setting bean property 'entityManager'
2026-03-03 10:28:13.090 WARN  [restartedMain] [] [] o.a.c.loader.WebappClassLoaderBase - The web application [ROOT] appears to have started a thread named [HikariPool-1 housekeeper] but has failed to stop it. This is very likely to create a memory leak. Stack trace of thread:
 java.base/jdk.internal.misc.Unsafe.park(Native Method)
 java.base/java.util.concurrent.locks.LockSupport.parkNanos(LockSupport.java:269)
 java.base/java.util.concurrent.locks.AbstractQueuedSynchronizer$ConditionObject.awaitNanos(AbstractQueuedSynchronizer.java:1763)
 java.base/java.util.concurrent.ScheduledThreadPoolExecutor$DelayedWorkQueue.take(ScheduledThreadPoolExecutor.java:1182)
 java.base/java.util.concurrent.ScheduledThreadPoolExecutor$DelayedWorkQueue.take(ScheduledThreadPoolExecutor.java:899)
 java.base/java.util.concurrent.ThreadPoolExecutor.getTask(ThreadPoolExecutor.java:1070)
 java.base/java.util.concurrent.ThreadPoolExecutor.runWorker(ThreadPoolExecutor.java:1130)
 java.base/java.util.concurrent.ThreadPoolExecutor$Worker.run(ThreadPoolExecutor.java:642)
 java.base/java.lang.Thread.run(Thread.java:1583)
2026-03-03 10:28:13.090 WARN  [restartedMain] [] [] o.a.c.loader.WebappClassLoaderBase - The web application [ROOT] appears to have started a thread named [HikariPool-1 connection adder] but has failed to stop it. This is very likely to create a memory leak. Stack trace of thread:
 java.base/jdk.internal.misc.Unsafe.park(Native Method)
 java.base/java.util.concurrent.locks.LockSupport.parkNanos(LockSupport.java:269)
 java.base/java.util.concurrent.locks.AbstractQueuedSynchronizer$ConditionObject.awaitNanos(AbstractQueuedSynchronizer.java:1763)
 java.base/java.util.concurrent.LinkedBlockingQueue.poll(LinkedBlockingQueue.java:460)
 java.base/java.util.concurrent.ThreadPoolExecutor.getTask(ThreadPoolExecutor.java:1069)
 java.base/java.util.concurrent.ThreadPoolExecutor.runWorker(ThreadPoolExecutor.java:1130)
 java.base/java.util.concurrent.ThreadPoolExecutor$Worker.run(ThreadPoolExecutor.java:642)
 java.base/java.lang.Thread.run(Thread.java:1583)
2026-03-03 10:28:13.092 WARN  [restartedMain] [] [] o.s.b.w.s.c.AnnotationConfigServletWebServerApplicationContext - Exception encountered during context initialization - cancelling refresh attempt: org.springframework.context.ApplicationContextException: Unable to start web server
2026-03-03 10:28:13.124 ERROR [restartedMain] [] [] o.s.boot.SpringApplication - Application run failed
org.springframework.context.ApplicationContextException: Unable to start web server
	at org.springframework.boot.web.servlet.context.ServletWebServerApplicationContext.onRefresh(ServletWebServerApplicationContext.java:165)
	at org.springframework.context.support.AbstractApplicationContext.refresh(AbstractApplicationContext.java:621)
	at org.springframework.boot.web.servlet.context.ServletWebServerApplicationContext.refresh(ServletWebServerApplicationContext.java:146)
	at org.springframework.boot.SpringApplication.refresh(SpringApplication.java:752)
	at org.springframework.boot.SpringApplication.refreshContext(SpringApplication.java:439)
	at org.springframework.boot.SpringApplication.run(SpringApplication.java:318)
	at org.springframework.boot.SpringApplication.run(SpringApplication.java:1361)
	at org.springframework.boot.SpringApplication.run(SpringApplication.java:1350)
	at com.sep490.anomaly_training_backend.AnomalyTrainingBackendApplication.main(AnomalyTrainingBackendApplication.java:12)
	at java.base/jdk.internal.reflect.DirectMethodHandleAccessor.invoke(DirectMethodHandleAccessor.java:103)
	at java.base/java.lang.reflect.Method.invoke(Method.java:580)
	at org.springframework.boot.devtools.restart.RestartLauncher.run(RestartLauncher.java:50)
Caused by: org.springframework.boot.web.server.WebServerException: Unable to start embedded Tomcat
	at org.springframework.boot.web.embedded.tomcat.TomcatWebServer.initialize(TomcatWebServer.java:147)
	at org.springframework.boot.web.embedded.tomcat.TomcatWebServer.<init>(TomcatWebServer.java:107)
	at org.springframework.boot.web.embedded.tomcat.TomcatServletWebServerFactory.getTomcatWebServer(TomcatServletWebServerFactory.java:516)
	at org.springframework.boot.web.embedded.tomcat.TomcatServletWebServerFactory.getWebServer(TomcatServletWebServerFactory.java:222)
	at org.springframework.boot.web.servlet.context.ServletWebServerApplicationContext.createWebServer(ServletWebServerApplicationContext.java:188)
	at org.springframework.boot.web.servlet.context.ServletWebServerApplicationContext.onRefresh(ServletWebServerApplicationContext.java:162)
	... 11 common frames omitted
Caused by: org.springframework.beans.factory.UnsatisfiedDependencyException: Error creating bean with name 'jwtAuthenticationFilter' defined in file [/home/giap-thaidinh/DENSO/anomaly-training-backend/target/classes/com/sep490/anomaly_training_backend/security/JwtAuthenticationFilter.class]: Unsatisfied dependency expressed through constructor parameter 1: Error creating bean with name 'customUserDetailsService' defined in file [/home/giap-thaidinh/DENSO/anomaly-training-backend/target/classes/com/sep490/anomaly_training_backend/service/impl/CustomUserDetailsService.class]: Unsatisfied dependency expressed through constructor parameter 0: Error creating bean with name 'userRepository' defined in com.sep490.anomaly_training_backend.repository.UserRepository defined in @EnableJpaRepositories declared on JpaRepositoriesRegistrar.EnableJpaRepositoriesConfiguration: Cannot resolve reference to bean 'jpaSharedEM_entityManagerFactory' while setting bean property 'entityManager'
	at org.springframework.beans.factory.support.ConstructorResolver.createArgumentArray(ConstructorResolver.java:804)
	at org.springframework.beans.factory.support.ConstructorResolver.autowireConstructor(ConstructorResolver.java:240)
	at org.springframework.beans.factory.support.AbstractAutowireCapableBeanFactory.autowireConstructor(AbstractAutowireCapableBeanFactory.java:1377)
	at org.springframework.beans.factory.support.AbstractAutowireCapableBeanFactory.createBeanInstance(AbstractAutowireCapableBeanFactory.java:1214)
	at org.springframework.beans.factory.support.AbstractAutowireCapableBeanFactory.doCreateBean(AbstractAutowireCapableBeanFactory.java:563)
	at org.springframework.beans.factory.support.AbstractAutowireCapableBeanFactory.createBean(AbstractAutowireCapableBeanFactory.java:523)
	at org.springframework.beans.factory.support.AbstractBeanFactory.lambda$doGetBean$0(AbstractBeanFactory.java:336)
	at org.springframework.beans.factory.support.DefaultSingletonBeanRegistry.getSingleton(DefaultSingletonBeanRegistry.java:289)
	at org.springframework.beans.factory.support.AbstractBeanFactory.doGetBean(AbstractBeanFactory.java:334)
	at org.springframework.beans.factory.support.AbstractBeanFactory.getBean(AbstractBeanFactory.java:204)
	at org.springframework.boot.web.servlet.ServletContextInitializerBeans.getOrderedBeansOfType(ServletContextInitializerBeans.java:211)
	at org.springframework.boot.web.servlet.ServletContextInitializerBeans.addAsRegistrationBean(ServletContextInitializerBeans.java:174)
	at org.springframework.boot.web.servlet.ServletContextInitializerBeans.addAsRegistrationBean(ServletContextInitializerBeans.java:169)
	at org.springframework.boot.web.servlet.ServletContextInitializerBeans.addAdaptableBeans(ServletContextInitializerBeans.java:154)
	at org.springframework.boot.web.servlet.ServletContextInitializerBeans.<init>(ServletContextInitializerBeans.java:87)
	at org.springframework.boot.web.servlet.context.ServletWebServerApplicationContext.getServletContextInitializerBeans(ServletWebServerApplicationContext.java:266)
	at org.springframework.boot.web.servlet.context.ServletWebServerApplicationContext.selfInitialize(ServletWebServerApplicationContext.java:240)
	at org.springframework.boot.web.embedded.tomcat.TomcatStarter.onStartup(TomcatStarter.java:52)
	at org.apache.catalina.core.StandardContext.startInternal(StandardContext.java:4426)
	at org.apache.catalina.util.LifecycleBase.start(LifecycleBase.java:164)
	at org.apache.catalina.core.ContainerBase$StartChild.call(ContainerBase.java:1203)
	at org.apache.catalina.core.ContainerBase$StartChild.call(ContainerBase.java:1193)
	at java.base/java.util.concurrent.FutureTask.run(FutureTask.java:317)
	at org.apache.tomcat.util.threads.InlineExecutorService.execute(InlineExecutorService.java:75)
	at java.base/java.util.concurrent.AbstractExecutorService.submit(AbstractExecutorService.java:145)
	at org.apache.catalina.core.ContainerBase.startInternal(ContainerBase.java:749)
	at org.apache.catalina.core.StandardHost.startInternal(StandardHost.java:772)
	at org.apache.catalina.util.LifecycleBase.start(LifecycleBase.java:164)
	at org.apache.catalina.core.ContainerBase$StartChild.call(ContainerBase.java:1203)
	at org.apache.catalina.core.ContainerBase$StartChild.call(ContainerBase.java:1193)
	at java.base/java.util.concurrent.FutureTask.run(FutureTask.java:317)
	at org.apache.tomcat.util.threads.InlineExecutorService.execute(InlineExecutorService.java:75)
	at java.base/java.util.concurrent.AbstractExecutorService.submit(AbstractExecutorService.java:145)
	at org.apache.catalina.core.ContainerBase.startInternal(ContainerBase.java:749)
	at org.apache.catalina.core.StandardEngine.startInternal(StandardEngine.java:203)
	at org.apache.catalina.util.LifecycleBase.start(LifecycleBase.java:164)
	at org.apache.catalina.core.StandardService.startInternal(StandardService.java:415)
	at org.apache.catalina.util.LifecycleBase.start(LifecycleBase.java:164)
	at org.apache.catalina.core.StandardServer.startInternal(StandardServer.java:870)
	at org.apache.catalina.util.LifecycleBase.start(LifecycleBase.java:164)
	at org.apache.catalina.startup.Tomcat.start(Tomcat.java:437)
	at org.springframework.boot.web.embedded.tomcat.TomcatWebServer.initialize(TomcatWebServer.java:128)
	... 16 common frames omitted
Caused by: org.springframework.beans.factory.UnsatisfiedDependencyException: Error creating bean with name 'customUserDetailsService' defined in file [/home/giap-thaidinh/DENSO/anomaly-training-backend/target/classes/com/sep490/anomaly_training_backend/service/impl/CustomUserDetailsService.class]: Unsatisfied dependency expressed through constructor parameter 0: Error creating bean with name 'userRepository' defined in com.sep490.anomaly_training_backend.repository.UserRepository defined in @EnableJpaRepositories declared on JpaRepositoriesRegistrar.EnableJpaRepositoriesConfiguration: Cannot resolve reference to bean 'jpaSharedEM_entityManagerFactory' while setting bean property 'entityManager'
	at org.springframework.beans.factory.support.ConstructorResolver.createArgumentArray(ConstructorResolver.java:804)
	at org.springframework.beans.factory.support.ConstructorResolver.autowireConstructor(ConstructorResolver.java:240)
	at org.springframework.beans.factory.support.AbstractAutowireCapableBeanFactory.autowireConstructor(AbstractAutowireCapableBeanFactory.java:1377)
	at org.springframework.beans.factory.support.AbstractAutowireCapableBeanFactory.createBeanInstance(AbstractAutowireCapableBeanFactory.java:1214)
	at org.springframework.beans.factory.support.AbstractAutowireCapableBeanFactory.doCreateBean(AbstractAutowireCapableBeanFactory.java:563)
	at org.springframework.beans.factory.support.AbstractAutowireCapableBeanFactory.createBean(AbstractAutowireCapableBeanFactory.java:523)
	at org.springframework.beans.factory.support.AbstractBeanFactory.lambda$doGetBean$0(AbstractBeanFactory.java:336)
	at org.springframework.beans.factory.support.DefaultSingletonBeanRegistry.getSingleton(DefaultSingletonBeanRegistry.java:289)
	at org.springframework.beans.factory.support.AbstractBeanFactory.doGetBean(AbstractBeanFactory.java:334)
	at org.springframework.beans.factory.support.AbstractBeanFactory.getBean(AbstractBeanFactory.java:199)
	at org.springframework.beans.factory.config.DependencyDescriptor.resolveCandidate(DependencyDescriptor.java:254)
	at org.springframework.beans.factory.support.DefaultListableBeanFactory.doResolveDependency(DefaultListableBeanFactory.java:1631)
	at org.springframework.beans.factory.support.DefaultListableBeanFactory.resolveDependency(DefaultListableBeanFactory.java:1519)
	at org.springframework.beans.factory.support.ConstructorResolver.resolveAutowiredArgument(ConstructorResolver.java:913)
	at org.springframework.beans.factory.support.ConstructorResolver.createArgumentArray(ConstructorResolver.java:791)
	... 57 common frames omitted
Caused by: org.springframework.beans.factory.BeanCreationException: Error creating bean with name 'userRepository' defined in com.sep490.anomaly_training_backend.repository.UserRepository defined in @EnableJpaRepositories declared on JpaRepositoriesRegistrar.EnableJpaRepositoriesConfiguration: Cannot resolve reference to bean 'jpaSharedEM_entityManagerFactory' while setting bean property 'entityManager'
	at org.springframework.beans.factory.support.BeanDefinitionValueResolver.resolveReference(BeanDefinitionValueResolver.java:377)
	at org.springframework.beans.factory.support.BeanDefinitionValueResolver.resolveValueIfNecessary(BeanDefinitionValueResolver.java:135)
	at org.springframework.beans.factory.support.AbstractAutowireCapableBeanFactory.applyPropertyValues(AbstractAutowireCapableBeanFactory.java:1707)
	at org.springframework.beans.factory.support.AbstractAutowireCapableBeanFactory.populateBean(AbstractAutowireCapableBeanFactory.java:1456)
	at org.springframework.beans.factory.support.AbstractAutowireCapableBeanFactory.doCreateBean(AbstractAutowireCapableBeanFactory.java:600)
	at org.springframework.beans.factory.support.AbstractAutowireCapableBeanFactory.createBean(AbstractAutowireCapableBeanFactory.java:523)
	at org.springframework.beans.factory.support.AbstractBeanFactory.lambda$doGetBean$0(AbstractBeanFactory.java:336)
	at org.springframework.beans.factory.support.DefaultSingletonBeanRegistry.getSingleton(DefaultSingletonBeanRegistry.java:289)
	at org.springframework.beans.factory.support.AbstractBeanFactory.doGetBean(AbstractBeanFactory.java:334)
	at org.springframework.beans.factory.support.AbstractBeanFactory.getBean(AbstractBeanFactory.java:199)
	at org.springframework.beans.factory.support.DefaultListableBeanFactory.doResolveDependency(DefaultListableBeanFactory.java:1573)
	at org.springframework.beans.factory.support.DefaultListableBeanFactory.resolveDependency(DefaultListableBeanFactory.java:1519)
	at org.springframework.beans.factory.support.ConstructorResolver.resolveAutowiredArgument(ConstructorResolver.java:913)
	at org.springframework.beans.factory.support.ConstructorResolver.createArgumentArray(ConstructorResolver.java:791)
	... 71 common frames omitted
Caused by: org.springframework.beans.factory.BeanCreationException: Error creating bean with name 'jpaSharedEM_entityManagerFactory': Cannot resolve reference to bean 'entityManagerFactory' while setting constructor argument
	at org.springframework.beans.factory.support.BeanDefinitionValueResolver.resolveReference(BeanDefinitionValueResolver.java:377)
	at org.springframework.beans.factory.support.BeanDefinitionValueResolver.resolveValueIfNecessary(BeanDefinitionValueResolver.java:135)
	at org.springframework.beans.factory.support.ConstructorResolver.resolveConstructorArguments(ConstructorResolver.java:691)
	at org.springframework.beans.factory.support.ConstructorResolver.instantiateUsingFactoryMethod(ConstructorResolver.java:513)
	at org.springframework.beans.factory.support.AbstractAutowireCapableBeanFactory.instantiateUsingFactoryMethod(AbstractAutowireCapableBeanFactory.java:1357)
	at org.springframework.beans.factory.support.AbstractAutowireCapableBeanFactory.createBeanInstance(AbstractAutowireCapableBeanFactory.java:1187)
	at org.springframework.beans.factory.support.AbstractAutowireCapableBeanFactory.doCreateBean(AbstractAutowireCapableBeanFactory.java:563)
	at org.springframework.beans.factory.support.AbstractAutowireCapableBeanFactory.createBean(AbstractAutowireCapableBeanFactory.java:523)
	at org.springframework.beans.factory.support.AbstractBeanFactory.lambda$doGetBean$0(AbstractBeanFactory.java:336)
	at org.springframework.beans.factory.support.DefaultSingletonBeanRegistry.getSingleton(DefaultSingletonBeanRegistry.java:289)
	at org.springframework.beans.factory.support.AbstractBeanFactory.doGetBean(AbstractBeanFactory.java:334)
	at org.springframework.beans.factory.support.AbstractBeanFactory.getBean(AbstractBeanFactory.java:199)
	at org.springframework.beans.factory.support.BeanDefinitionValueResolver.resolveReference(BeanDefinitionValueResolver.java:365)
	... 84 common frames omitted
Caused by: org.springframework.beans.factory.BeanCreationException: Error creating bean with name 'flywayInitializer' defined in class path resource [org/springframework/boot/autoconfigure/flyway/FlywayAutoConfiguration$FlywayConfiguration.class]: Script V2__insert_sample_data.sql failed
----------------------------------------
SQL State  : 42S22
Error Code : 1054
Message    : Unknown column 'team_id' in 'field list'
Location   : db/migration/V2__insert_sample_data.sql (/home/giap-thaidinh/DENSO/anomaly-training-backend/target/classes/db/migration/V2__insert_sample_data.sql)
Line       : 191
Statement  : -- ============================================================================
-- PART 5: TRAINING PLAN & RESULTS (Kế hoạch & Kết quả huấn luyện)
-- ============================================================================

-- Training Plans
INSERT INTO training_plans (id, form_code, title, month_start, month_end, team_id, line_id, status, current_version,
                            note, created_by)
VALUES (1, 'TR_PLAN_2023_Q4', 'Kế hoạch huấn luyện Q4/2023 - Line Tiện', '2023-10-01', '2023-12-31', 1, 1, 'APPROVED',
        1, 'Kế hoạch định kỳ', 'tl_prod01')

	at org.springframework.beans.factory.support.AbstractAutowireCapableBeanFactory.initializeBean(AbstractAutowireCapableBeanFactory.java:1808)
	at org.springframework.beans.factory.support.AbstractAutowireCapableBeanFactory.doCreateBean(AbstractAutowireCapableBeanFactory.java:601)
	at org.springframework.beans.factory.support.AbstractAutowireCapableBeanFactory.createBean(AbstractAutowireCapableBeanFactory.java:523)
	at org.springframework.beans.factory.support.AbstractBeanFactory.lambda$doGetBean$0(AbstractBeanFactory.java:336)
	at org.springframework.beans.factory.support.DefaultSingletonBeanRegistry.getSingleton(DefaultSingletonBeanRegistry.java:289)
	at org.springframework.beans.factory.support.AbstractBeanFactory.doGetBean(AbstractBeanFactory.java:334)
	at org.springframework.beans.factory.support.AbstractBeanFactory.getBean(AbstractBeanFactory.java:199)
	at org.springframework.beans.factory.support.AbstractBeanFactory.doGetBean(AbstractBeanFactory.java:312)
	at org.springframework.beans.factory.support.AbstractBeanFactory.getBean(AbstractBeanFactory.java:199)
	at org.springframework.beans.factory.support.BeanDefinitionValueResolver.resolveReference(BeanDefinitionValueResolver.java:365)
	... 96 common frames omitted
Caused by: org.flywaydb.core.internal.exception.FlywayMigrateException: Script V2__insert_sample_data.sql failed
----------------------------------------
SQL State  : 42S22
Error Code : 1054
Message    : Unknown column 'team_id' in 'field list'
Location   : db/migration/V2__insert_sample_data.sql (/home/giap-thaidinh/DENSO/anomaly-training-backend/target/classes/db/migration/V2__insert_sample_data.sql)
Line       : 191
Statement  : -- ============================================================================
-- PART 5: TRAINING PLAN & RESULTS (Kế hoạch & Kết quả huấn luyện)
-- ============================================================================

-- Training Plans
INSERT INTO training_plans (id, form_code, title, month_start, month_end, team_id, line_id, status, current_version,
                            note, created_by)
VALUES (1, 'TR_PLAN_2023_Q4', 'Kế hoạch huấn luyện Q4/2023 - Line Tiện', '2023-10-01', '2023-12-31', 1, 1, 'APPROVED',
        1, 'Kế hoạch định kỳ', 'tl_prod01')

	at org.flywaydb.core.internal.command.DbMigrate.doMigrateGroup(DbMigrate.java:399)
	at org.flywaydb.core.internal.command.DbMigrate.lambda$applyMigrations$1(DbMigrate.java:283)
	at org.flywaydb.core.internal.jdbc.TransactionalExecutionTemplate.execute(TransactionalExecutionTemplate.java:59)
	at org.flywaydb.core.internal.command.DbMigrate.applyMigrations(DbMigrate.java:282)
	at org.flywaydb.core.internal.command.DbMigrate.migrateGroup(DbMigrate.java:255)
	at org.flywaydb.core.internal.command.DbMigrate.lambda$migrateAll$0(DbMigrate.java:153)
	at org.flywaydb.database.mysql.MySQLNamedLockTemplate.execute(MySQLNamedLockTemplate.java:62)
	at org.flywaydb.database.mysql.MySQLConnection.lock(MySQLConnection.java:159)
	at org.flywaydb.core.internal.schemahistory.JdbcTableSchemaHistory.lock(JdbcTableSchemaHistory.java:149)
	at org.flywaydb.core.internal.command.DbMigrate.migrateAll(DbMigrate.java:153)
	at org.flywaydb.core.internal.command.DbMigrate.migrate(DbMigrate.java:104)
	at org.flywaydb.core.Flyway.lambda$migrate$1(Flyway.java:230)
	at org.flywaydb.core.FlywayExecutor.execute(FlywayExecutor.java:213)
	at org.flywaydb.core.Flyway.migrate(Flyway.java:176)
	at org.springframework.boot.autoconfigure.flyway.FlywayMigrationInitializer.afterPropertiesSet(FlywayMigrationInitializer.java:66)
	at org.springframework.beans.factory.support.AbstractAutowireCapableBeanFactory.invokeInitMethods(AbstractAutowireCapableBeanFactory.java:1855)
	at org.springframework.beans.factory.support.AbstractAutowireCapableBeanFactory.initializeBean(AbstractAutowireCapableBeanFactory.java:1804)
	... 105 common frames omitted
Caused by: org.flywaydb.core.internal.sqlscript.FlywaySqlScriptException: Script V2__insert_sample_data.sql failed
----------------------------------------
SQL State  : 42S22
Error Code : 1054
Message    : Unknown column 'team_id' in 'field list'
Location   : db/migration/V2__insert_sample_data.sql (/home/giap-thaidinh/DENSO/anomaly-training-backend/target/classes/db/migration/V2__insert_sample_data.sql)
Line       : 191
Statement  : -- ============================================================================
-- PART 5: TRAINING PLAN & RESULTS (Kế hoạch & Kết quả huấn luyện)
-- ============================================================================

-- Training Plans
INSERT INTO training_plans (id, form_code, title, month_start, month_end, team_id, line_id, status, current_version,
                            note, created_by)
VALUES (1, 'TR_PLAN_2023_Q4', 'Kế hoạch huấn luyện Q4/2023 - Line Tiện', '2023-10-01', '2023-12-31', 1, 1, 'APPROVED',
        1, 'Kế hoạch định kỳ', 'tl_prod01')

	at org.flywaydb.core.internal.sqlscript.DefaultSqlScriptExecutor.handleException(DefaultSqlScriptExecutor.java:256)
	at org.flywaydb.core.internal.sqlscript.DefaultSqlScriptExecutor.executeStatement(DefaultSqlScriptExecutor.java:217)
	at org.flywaydb.core.internal.sqlscript.DefaultSqlScriptExecutor.execute(DefaultSqlScriptExecutor.java:137)
	at org.flywaydb.core.internal.resolver.sql.SqlMigrationExecutor.executeOnce(SqlMigrationExecutor.java:75)
	at org.flywaydb.core.internal.resolver.sql.SqlMigrationExecutor.lambda$execute$0(SqlMigrationExecutor.java:66)
	at org.flywaydb.core.internal.database.DefaultExecutionStrategy.execute(DefaultExecutionStrategy.java:31)
	at org.flywaydb.core.internal.resolver.sql.SqlMigrationExecutor.execute(SqlMigrationExecutor.java:65)
	at org.flywaydb.core.internal.command.DbMigrate.doMigrateGroup(DbMigrate.java:391)
	... 121 common frames omitted
Caused by: java.sql.SQLSyntaxErrorException: Unknown column 'team_id' in 'field list'
	at com.mysql.cj.jdbc.exceptions.SQLError.createSQLException(SQLError.java:112)
	at com.mysql.cj.jdbc.exceptions.SQLExceptionsMapping.translateException(SQLExceptionsMapping.java:114)
	at com.mysql.cj.jdbc.StatementImpl.executeInternal(StatementImpl.java:837)
	at com.mysql.cj.jdbc.StatementImpl.execute(StatementImpl.java:685)
	at com.zaxxer.hikari.pool.ProxyStatement.execute(ProxyStatement.java:94)
	at com.zaxxer.hikari.pool.HikariProxyStatement.execute(HikariProxyStatement.java)
	at org.flywaydb.core.internal.jdbc.JdbcTemplate.executeStatement(JdbcTemplate.java:210)
	at org.flywaydb.core.internal.sqlscript.ParsedSqlStatement.execute(ParsedSqlStatement.java:88)
	at org.flywaydb.core.internal.sqlscript.DefaultSqlScriptExecutor.executeStatement(DefaultSqlScriptExecutor.java:212)
	... 127 common frames omitted
2026-03-03 11:52:00.308 WARN  [restartedMain] [] [] o.f.c.i.s.DefaultSqlScriptExecutor - DB: Unknown table 'anomaly_training.approval_detail_comments' (SQL State: 42S02 - Error Code: 1051)
2026-03-03 11:52:00.313 WARN  [restartedMain] [] [] o.f.c.i.s.DefaultSqlScriptExecutor - DB: Unknown table 'anomaly_training.approval_required_actions' (SQL State: 42S02 - Error Code: 1051)
2026-03-03 11:52:00.315 WARN  [restartedMain] [] [] o.f.c.i.s.DefaultSqlScriptExecutor - DB: Unknown table 'anomaly_training.approval_action_reject_reasons' (SQL State: 42S02 - Error Code: 1051)
2026-03-03 11:52:00.317 WARN  [restartedMain] [] [] o.f.c.i.s.DefaultSqlScriptExecutor - DB: Unknown table 'anomaly_training.required_actions' (SQL State: 42S02 - Error Code: 1051)
2026-03-03 11:52:00.320 WARN  [restartedMain] [] [] o.f.c.i.s.DefaultSqlScriptExecutor - DB: Unknown table 'anomaly_training.reject_reasons' (SQL State: 42S02 - Error Code: 1051)
2026-03-03 11:52:00.323 WARN  [restartedMain] [] [] o.f.c.i.s.DefaultSqlScriptExecutor - DB: Unknown table 'anomaly_training.training_sample_reviews' (SQL State: 42S02 - Error Code: 1051)
2026-03-03 11:52:00.325 WARN  [restartedMain] [] [] o.f.c.i.s.DefaultSqlScriptExecutor - DB: Unknown table 'anomaly_training.training_sample_review_configs' (SQL State: 42S02 - Error Code: 1051)
2026-03-03 11:52:00.327 WARN  [restartedMain] [] [] o.f.c.i.s.DefaultSqlScriptExecutor - DB: Unknown table 'anomaly_training.training_result_detail_history' (SQL State: 42S02 - Error Code: 1051)
2026-03-03 11:52:00.329 WARN  [restartedMain] [] [] o.f.c.i.s.DefaultSqlScriptExecutor - DB: Unknown table 'anomaly_training.training_result_detail' (SQL State: 42S02 - Error Code: 1051)
2026-03-03 11:52:00.331 WARN  [restartedMain] [] [] o.f.c.i.s.DefaultSqlScriptExecutor - DB: Unknown table 'anomaly_training.training_result_history' (SQL State: 42S02 - Error Code: 1051)
2026-03-03 11:52:00.334 WARN  [restartedMain] [] [] o.f.c.i.s.DefaultSqlScriptExecutor - DB: Unknown table 'anomaly_training.training_result' (SQL State: 42S02 - Error Code: 1051)
2026-03-03 11:52:00.336 WARN  [restartedMain] [] [] o.f.c.i.s.DefaultSqlScriptExecutor - DB: Unknown table 'anomaly_training.training_plan_detail_history' (SQL State: 42S02 - Error Code: 1051)
2026-03-03 11:52:00.338 WARN  [restartedMain] [] [] o.f.c.i.s.DefaultSqlScriptExecutor - DB: Unknown table 'anomaly_training.training_plan_detail' (SQL State: 42S02 - Error Code: 1051)
2026-03-03 11:52:00.340 WARN  [restartedMain] [] [] o.f.c.i.s.DefaultSqlScriptExecutor - DB: Unknown table 'anomaly_training.training_plan_history' (SQL State: 42S02 - Error Code: 1051)
2026-03-03 11:52:00.342 WARN  [restartedMain] [] [] o.f.c.i.s.DefaultSqlScriptExecutor - DB: Unknown table 'anomaly_training.training_plan' (SQL State: 42S02 - Error Code: 1051)
2026-03-03 11:52:00.344 WARN  [restartedMain] [] [] o.f.c.i.s.DefaultSqlScriptExecutor - DB: Unknown table 'anomaly_training.training_sample_proposal_detail_history' (SQL State: 42S02 - Error Code: 1051)
2026-03-03 11:52:00.346 WARN  [restartedMain] [] [] o.f.c.i.s.DefaultSqlScriptExecutor - DB: Unknown table 'anomaly_training.training_sample_proposal_detail' (SQL State: 42S02 - Error Code: 1051)
2026-03-03 11:52:00.348 WARN  [restartedMain] [] [] o.f.c.i.s.DefaultSqlScriptExecutor - DB: Unknown table 'anomaly_training.training_sample_proposal_history' (SQL State: 42S02 - Error Code: 1051)
2026-03-03 11:52:00.350 WARN  [restartedMain] [] [] o.f.c.i.s.DefaultSqlScriptExecutor - DB: Unknown table 'anomaly_training.training_sample_proposal' (SQL State: 42S02 - Error Code: 1051)
2026-03-03 11:52:00.352 WARN  [restartedMain] [] [] o.f.c.i.s.DefaultSqlScriptExecutor - DB: Unknown table 'anomaly_training.training_samples' (SQL State: 42S02 - Error Code: 1051)
2026-03-03 11:52:00.353 WARN  [restartedMain] [] [] o.f.c.i.s.DefaultSqlScriptExecutor - DB: Unknown table 'anomaly_training.defect_proposal_detail_history' (SQL State: 42S02 - Error Code: 1051)
2026-03-03 11:52:00.356 WARN  [restartedMain] [] [] o.f.c.i.s.DefaultSqlScriptExecutor - DB: Unknown table 'anomaly_training.defect_proposal_detail' (SQL State: 42S02 - Error Code: 1051)
2026-03-03 11:52:00.358 WARN  [restartedMain] [] [] o.f.c.i.s.DefaultSqlScriptExecutor - DB: Unknown table 'anomaly_training.defect_proposal_history' (SQL State: 42S02 - Error Code: 1051)
2026-03-03 11:52:00.360 WARN  [restartedMain] [] [] o.f.c.i.s.DefaultSqlScriptExecutor - DB: Unknown table 'anomaly_training.defect_proposal' (SQL State: 42S02 - Error Code: 1051)
2026-03-03 11:52:00.362 WARN  [restartedMain] [] [] o.f.c.i.s.DefaultSqlScriptExecutor - DB: Unknown table 'anomaly_training.defects' (SQL State: 42S02 - Error Code: 1051)
2026-03-03 11:52:00.364 WARN  [restartedMain] [] [] o.f.c.i.s.DefaultSqlScriptExecutor - DB: Unknown table 'anomaly_training.product_process' (SQL State: 42S02 - Error Code: 1051)
2026-03-03 11:52:00.366 WARN  [restartedMain] [] [] o.f.c.i.s.DefaultSqlScriptExecutor - DB: Unknown table 'anomaly_training.products' (SQL State: 42S02 - Error Code: 1051)
2026-03-03 11:52:00.368 WARN  [restartedMain] [] [] o.f.c.i.s.DefaultSqlScriptExecutor - DB: Unknown table 'anomaly_training.employee_skills' (SQL State: 42S02 - Error Code: 1051)
2026-03-03 11:52:00.370 WARN  [restartedMain] [] [] o.f.c.i.s.DefaultSqlScriptExecutor - DB: Unknown table 'anomaly_training.employees' (SQL State: 42S02 - Error Code: 1051)
2026-03-03 11:52:00.372 WARN  [restartedMain] [] [] o.f.c.i.s.DefaultSqlScriptExecutor - DB: Unknown table 'anomaly_training.teams' (SQL State: 42S02 - Error Code: 1051)
2026-03-03 11:52:00.375 WARN  [restartedMain] [] [] o.f.c.i.s.DefaultSqlScriptExecutor - DB: Unknown table 'anomaly_training.processes' (SQL State: 42S02 - Error Code: 1051)
2026-03-03 11:52:00.377 WARN  [restartedMain] [] [] o.f.c.i.s.DefaultSqlScriptExecutor - DB: Unknown table 'anomaly_training.product_lines' (SQL State: 42S02 - Error Code: 1051)
2026-03-03 11:52:00.379 WARN  [restartedMain] [] [] o.f.c.i.s.DefaultSqlScriptExecutor - DB: Unknown table 'anomaly_training.groups' (SQL State: 42S02 - Error Code: 1051)
2026-03-03 11:52:00.381 WARN  [restartedMain] [] [] o.f.c.i.s.DefaultSqlScriptExecutor - DB: Unknown table 'anomaly_training.sections' (SQL State: 42S02 - Error Code: 1051)
2026-03-03 11:52:00.383 WARN  [restartedMain] [] [] o.f.c.i.s.DefaultSqlScriptExecutor - DB: Unknown table 'anomaly_training.notification_queue' (SQL State: 42S02 - Error Code: 1051)
2026-03-03 11:52:00.385 WARN  [restartedMain] [] [] o.f.c.i.s.DefaultSqlScriptExecutor - DB: Unknown table 'anomaly_training.notification_settings' (SQL State: 42S02 - Error Code: 1051)
2026-03-03 11:52:00.387 WARN  [restartedMain] [] [] o.f.c.i.s.DefaultSqlScriptExecutor - DB: Unknown table 'anomaly_training.notification_templates' (SQL State: 42S02 - Error Code: 1051)
2026-03-03 11:52:00.389 WARN  [restartedMain] [] [] o.f.c.i.s.DefaultSqlScriptExecutor - DB: Unknown table 'anomaly_training.role_permissions' (SQL State: 42S02 - Error Code: 1051)
2026-03-03 11:52:00.390 WARN  [restartedMain] [] [] o.f.c.i.s.DefaultSqlScriptExecutor - DB: Unknown table 'anomaly_training.user_roles' (SQL State: 42S02 - Error Code: 1051)
2026-03-03 11:52:00.393 WARN  [restartedMain] [] [] o.f.c.i.s.DefaultSqlScriptExecutor - DB: Unknown table 'anomaly_training.permissions' (SQL State: 42S02 - Error Code: 1051)
2026-03-03 11:52:00.395 WARN  [restartedMain] [] [] o.f.c.i.s.DefaultSqlScriptExecutor - DB: Unknown table 'anomaly_training.modules' (SQL State: 42S02 - Error Code: 1051)
2026-03-03 11:52:00.396 WARN  [restartedMain] [] [] o.f.c.i.s.DefaultSqlScriptExecutor - DB: Unknown table 'anomaly_training.roles' (SQL State: 42S02 - Error Code: 1051)
2026-03-03 11:52:00.398 WARN  [restartedMain] [] [] o.f.c.i.s.DefaultSqlScriptExecutor - DB: Unknown table 'anomaly_training.refresh_tokens' (SQL State: 42S02 - Error Code: 1051)
2026-03-03 11:52:00.413 WARN  [restartedMain] [] [] o.f.c.i.s.DefaultSqlScriptExecutor - DB: Unknown table 'anomaly_training.users' (SQL State: 42S02 - Error Code: 1051)
2026-03-03 11:52:00.416 WARN  [restartedMain] [] [] o.f.c.i.s.DefaultSqlScriptExecutor - DB: Unknown table 'anomaly_training.approval_flow_steps' (SQL State: 42S02 - Error Code: 1051)
2026-03-03 11:52:00.418 WARN  [restartedMain] [] [] o.f.c.i.s.DefaultSqlScriptExecutor - DB: Unknown table 'anomaly_training.approval_actions' (SQL State: 42S02 - Error Code: 1051)
2026-03-03 11:52:00.514 WARN  [restartedMain] [] [] o.f.c.i.s.DefaultSqlScriptExecutor - DB: NATIONAL/NCHAR/NVARCHAR implies the character set UTF8MB3, which will be replaced by UTF8MB4 in a future release. Please consider using CHAR(x) CHARACTER SET UTF8MB4 in order to be unambiguous. (SQL State: HY000 - Error Code: 3720)
2026-03-03 11:52:00.514 WARN  [restartedMain] [] [] o.f.c.i.s.DefaultSqlScriptExecutor - DB: NATIONAL/NCHAR/NVARCHAR implies the character set UTF8MB3, which will be replaced by UTF8MB4 in a future release. Please consider using CHAR(x) CHARACTER SET UTF8MB4 in order to be unambiguous. (SQL State: HY000 - Error Code: 3720)
2026-03-03 11:52:00.542 WARN  [restartedMain] [] [] o.f.c.i.s.DefaultSqlScriptExecutor - DB: NATIONAL/NCHAR/NVARCHAR implies the character set UTF8MB3, which will be replaced by UTF8MB4 in a future release. Please consider using CHAR(x) CHARACTER SET UTF8MB4 in order to be unambiguous. (SQL State: HY000 - Error Code: 3720)
2026-03-03 11:52:00.542 WARN  [restartedMain] [] [] o.f.c.i.s.DefaultSqlScriptExecutor - DB: NATIONAL/NCHAR/NVARCHAR implies the character set UTF8MB3, which will be replaced by UTF8MB4 in a future release. Please consider using CHAR(x) CHARACTER SET UTF8MB4 in order to be unambiguous. (SQL State: HY000 - Error Code: 3720)
2026-03-03 11:52:00.574 WARN  [restartedMain] [] [] o.f.c.i.s.DefaultSqlScriptExecutor - DB: NATIONAL/NCHAR/NVARCHAR implies the character set UTF8MB3, which will be replaced by UTF8MB4 in a future release. Please consider using CHAR(x) CHARACTER SET UTF8MB4 in order to be unambiguous. (SQL State: HY000 - Error Code: 3720)
2026-03-03 11:52:00.574 WARN  [restartedMain] [] [] o.f.c.i.s.DefaultSqlScriptExecutor - DB: NATIONAL/NCHAR/NVARCHAR implies the character set UTF8MB3, which will be replaced by UTF8MB4 in a future release. Please consider using CHAR(x) CHARACTER SET UTF8MB4 in order to be unambiguous. (SQL State: HY000 - Error Code: 3720)
2026-03-03 11:52:04.678 WARN  [restartedMain] [] [] o.s.b.w.s.c.AnnotationConfigServletWebServerApplicationContext - Exception encountered during context initialization - cancelling refresh attempt: org.springframework.beans.factory.UnsatisfiedDependencyException: Error creating bean with name 'approvalController' defined in file [/home/giap-thaidinh/DENSO/anomaly-training-backend/target/classes/com/sep490/anomaly_training_backend/controller/ApprovalController.class]: Unsatisfied dependency expressed through constructor parameter 1: Error creating bean with name 'approvalQueryServiceImpl' defined in file [/home/giap-thaidinh/DENSO/anomaly-training-backend/target/classes/com/sep490/anomaly_training_backend/service/approval/impl/ApprovalQueryServiceImpl.class]: Unsatisfied dependency expressed through constructor parameter 0: Error creating bean with name 'trainingPlanRepository' defined in com.sep490.anomaly_training_backend.repository.TrainingPlanRepository defined in @EnableJpaRepositories declared on JpaRepositoriesRegistrar.EnableJpaRepositoriesConfiguration: Could not create query for public abstract java.util.List com.sep490.anomaly_training_backend.repository.TrainingPlanRepository.findPendingForApprover(com.sep490.anomaly_training_backend.enums.ReportStatus,java.lang.Long,com.sep490.anomaly_training_backend.enums.UserRole); Reason: Failed to create query for method public abstract java.util.List com.sep490.anomaly_training_backend.repository.TrainingPlanRepository.findPendingForApprover(com.sep490.anomaly_training_backend.enums.ReportStatus,java.lang.Long,com.sep490.anomaly_training_backend.enums.UserRole); No property 'findPendingForApprover' found for type 'TrainingPlan'
2026-03-03 11:52:04.703 ERROR [restartedMain] [] [] o.s.boot.SpringApplication - Application run failed
org.springframework.beans.factory.UnsatisfiedDependencyException: Error creating bean with name 'approvalController' defined in file [/home/giap-thaidinh/DENSO/anomaly-training-backend/target/classes/com/sep490/anomaly_training_backend/controller/ApprovalController.class]: Unsatisfied dependency expressed through constructor parameter 1: Error creating bean with name 'approvalQueryServiceImpl' defined in file [/home/giap-thaidinh/DENSO/anomaly-training-backend/target/classes/com/sep490/anomaly_training_backend/service/approval/impl/ApprovalQueryServiceImpl.class]: Unsatisfied dependency expressed through constructor parameter 0: Error creating bean with name 'trainingPlanRepository' defined in com.sep490.anomaly_training_backend.repository.TrainingPlanRepository defined in @EnableJpaRepositories declared on JpaRepositoriesRegistrar.EnableJpaRepositoriesConfiguration: Could not create query for public abstract java.util.List com.sep490.anomaly_training_backend.repository.TrainingPlanRepository.findPendingForApprover(com.sep490.anomaly_training_backend.enums.ReportStatus,java.lang.Long,com.sep490.anomaly_training_backend.enums.UserRole); Reason: Failed to create query for method public abstract java.util.List com.sep490.anomaly_training_backend.repository.TrainingPlanRepository.findPendingForApprover(com.sep490.anomaly_training_backend.enums.ReportStatus,java.lang.Long,com.sep490.anomaly_training_backend.enums.UserRole); No property 'findPendingForApprover' found for type 'TrainingPlan'
	at org.springframework.beans.factory.support.ConstructorResolver.createArgumentArray(ConstructorResolver.java:804)
	at org.springframework.beans.factory.support.ConstructorResolver.autowireConstructor(ConstructorResolver.java:240)
	at org.springframework.beans.factory.support.AbstractAutowireCapableBeanFactory.autowireConstructor(AbstractAutowireCapableBeanFactory.java:1377)
	at org.springframework.beans.factory.support.AbstractAutowireCapableBeanFactory.createBeanInstance(AbstractAutowireCapableBeanFactory.java:1214)
	at org.springframework.beans.factory.support.AbstractAutowireCapableBeanFactory.doCreateBean(AbstractAutowireCapableBeanFactory.java:563)
	at org.springframework.beans.factory.support.AbstractAutowireCapableBeanFactory.createBean(AbstractAutowireCapableBeanFactory.java:523)
	at org.springframework.beans.factory.support.AbstractBeanFactory.lambda$doGetBean$0(AbstractBeanFactory.java:336)
	at org.springframework.beans.factory.support.DefaultSingletonBeanRegistry.getSingleton(DefaultSingletonBeanRegistry.java:289)
	at org.springframework.beans.factory.support.AbstractBeanFactory.doGetBean(AbstractBeanFactory.java:334)
	at org.springframework.beans.factory.support.AbstractBeanFactory.getBean(AbstractBeanFactory.java:199)
	at org.springframework.beans.factory.support.DefaultListableBeanFactory.instantiateSingleton(DefaultListableBeanFactory.java:1122)
	at org.springframework.beans.factory.support.DefaultListableBeanFactory.preInstantiateSingleton(DefaultListableBeanFactory.java:1093)
	at org.springframework.beans.factory.support.DefaultListableBeanFactory.preInstantiateSingletons(DefaultListableBeanFactory.java:1030)
	at org.springframework.context.support.AbstractApplicationContext.finishBeanFactoryInitialization(AbstractApplicationContext.java:987)
	at org.springframework.context.support.AbstractApplicationContext.refresh(AbstractApplicationContext.java:627)
	at org.springframework.boot.web.servlet.context.ServletWebServerApplicationContext.refresh(ServletWebServerApplicationContext.java:146)
	at org.springframework.boot.SpringApplication.refresh(SpringApplication.java:752)
	at org.springframework.boot.SpringApplication.refreshContext(SpringApplication.java:439)
	at org.springframework.boot.SpringApplication.run(SpringApplication.java:318)
	at org.springframework.boot.SpringApplication.run(SpringApplication.java:1361)
	at org.springframework.boot.SpringApplication.run(SpringApplication.java:1350)
	at com.sep490.anomaly_training_backend.AnomalyTrainingBackendApplication.main(AnomalyTrainingBackendApplication.java:12)
	at java.base/jdk.internal.reflect.DirectMethodHandleAccessor.invoke(DirectMethodHandleAccessor.java:103)
	at java.base/java.lang.reflect.Method.invoke(Method.java:580)
	at org.springframework.boot.devtools.restart.RestartLauncher.run(RestartLauncher.java:50)
Caused by: org.springframework.beans.factory.UnsatisfiedDependencyException: Error creating bean with name 'approvalQueryServiceImpl' defined in file [/home/giap-thaidinh/DENSO/anomaly-training-backend/target/classes/com/sep490/anomaly_training_backend/service/approval/impl/ApprovalQueryServiceImpl.class]: Unsatisfied dependency expressed through constructor parameter 0: Error creating bean with name 'trainingPlanRepository' defined in com.sep490.anomaly_training_backend.repository.TrainingPlanRepository defined in @EnableJpaRepositories declared on JpaRepositoriesRegistrar.EnableJpaRepositoriesConfiguration: Could not create query for public abstract java.util.List com.sep490.anomaly_training_backend.repository.TrainingPlanRepository.findPendingForApprover(com.sep490.anomaly_training_backend.enums.ReportStatus,java.lang.Long,com.sep490.anomaly_training_backend.enums.UserRole); Reason: Failed to create query for method public abstract java.util.List com.sep490.anomaly_training_backend.repository.TrainingPlanRepository.findPendingForApprover(com.sep490.anomaly_training_backend.enums.ReportStatus,java.lang.Long,com.sep490.anomaly_training_backend.enums.UserRole); No property 'findPendingForApprover' found for type 'TrainingPlan'
	at org.springframework.beans.factory.support.ConstructorResolver.createArgumentArray(ConstructorResolver.java:804)
	at org.springframework.beans.factory.support.ConstructorResolver.autowireConstructor(ConstructorResolver.java:240)
	at org.springframework.beans.factory.support.AbstractAutowireCapableBeanFactory.autowireConstructor(AbstractAutowireCapableBeanFactory.java:1377)
	at org.springframework.beans.factory.support.AbstractAutowireCapableBeanFactory.createBeanInstance(AbstractAutowireCapableBeanFactory.java:1214)
	at org.springframework.beans.factory.support.AbstractAutowireCapableBeanFactory.doCreateBean(AbstractAutowireCapableBeanFactory.java:563)
	at org.springframework.beans.factory.support.AbstractAutowireCapableBeanFactory.createBean(AbstractAutowireCapableBeanFactory.java:523)
	at org.springframework.beans.factory.support.AbstractBeanFactory.lambda$doGetBean$0(AbstractBeanFactory.java:336)
	at org.springframework.beans.factory.support.DefaultSingletonBeanRegistry.getSingleton(DefaultSingletonBeanRegistry.java:289)
	at org.springframework.beans.factory.support.AbstractBeanFactory.doGetBean(AbstractBeanFactory.java:334)
	at org.springframework.beans.factory.support.AbstractBeanFactory.getBean(AbstractBeanFactory.java:199)
	at org.springframework.beans.factory.config.DependencyDescriptor.resolveCandidate(DependencyDescriptor.java:254)
	at org.springframework.beans.factory.support.DefaultListableBeanFactory.doResolveDependency(DefaultListableBeanFactory.java:1631)
	at org.springframework.beans.factory.support.DefaultListableBeanFactory.resolveDependency(DefaultListableBeanFactory.java:1519)
	at org.springframework.beans.factory.support.ConstructorResolver.resolveAutowiredArgument(ConstructorResolver.java:913)
	at org.springframework.beans.factory.support.ConstructorResolver.createArgumentArray(ConstructorResolver.java:791)
	... 24 common frames omitted
Caused by: org.springframework.beans.factory.BeanCreationException: Error creating bean with name 'trainingPlanRepository' defined in com.sep490.anomaly_training_backend.repository.TrainingPlanRepository defined in @EnableJpaRepositories declared on JpaRepositoriesRegistrar.EnableJpaRepositoriesConfiguration: Could not create query for public abstract java.util.List com.sep490.anomaly_training_backend.repository.TrainingPlanRepository.findPendingForApprover(com.sep490.anomaly_training_backend.enums.ReportStatus,java.lang.Long,com.sep490.anomaly_training_backend.enums.UserRole); Reason: Failed to create query for method public abstract java.util.List com.sep490.anomaly_training_backend.repository.TrainingPlanRepository.findPendingForApprover(com.sep490.anomaly_training_backend.enums.ReportStatus,java.lang.Long,com.sep490.anomaly_training_backend.enums.UserRole); No property 'findPendingForApprover' found for type 'TrainingPlan'
	at org.springframework.beans.factory.support.AbstractAutowireCapableBeanFactory.initializeBean(AbstractAutowireCapableBeanFactory.java:1808)
	at org.springframework.beans.factory.support.AbstractAutowireCapableBeanFactory.doCreateBean(AbstractAutowireCapableBeanFactory.java:601)
	at org.springframework.beans.factory.support.AbstractAutowireCapableBeanFactory.createBean(AbstractAutowireCapableBeanFactory.java:523)
	at org.springframework.beans.factory.support.AbstractBeanFactory.lambda$doGetBean$0(AbstractBeanFactory.java:336)
	at org.springframework.beans.factory.support.DefaultSingletonBeanRegistry.getSingleton(DefaultSingletonBeanRegistry.java:289)
	at org.springframework.beans.factory.support.AbstractBeanFactory.doGetBean(AbstractBeanFactory.java:334)
	at org.springframework.beans.factory.support.AbstractBeanFactory.getBean(AbstractBeanFactory.java:199)
	at org.springframework.beans.factory.config.DependencyDescriptor.resolveCandidate(DependencyDescriptor.java:254)
	at org.springframework.beans.factory.support.DefaultListableBeanFactory.doResolveDependency(DefaultListableBeanFactory.java:1631)
	at org.springframework.beans.factory.support.DefaultListableBeanFactory.resolveDependency(DefaultListableBeanFactory.java:1519)
	at org.springframework.beans.factory.support.ConstructorResolver.resolveAutowiredArgument(ConstructorResolver.java:913)
	at org.springframework.beans.factory.support.ConstructorResolver.createArgumentArray(ConstructorResolver.java:791)
	... 38 common frames omitted
Caused by: org.springframework.data.repository.query.QueryCreationException: Could not create query for public abstract java.util.List com.sep490.anomaly_training_backend.repository.TrainingPlanRepository.findPendingForApprover(com.sep490.anomaly_training_backend.enums.ReportStatus,java.lang.Long,com.sep490.anomaly_training_backend.enums.UserRole); Reason: Failed to create query for method public abstract java.util.List com.sep490.anomaly_training_backend.repository.TrainingPlanRepository.findPendingForApprover(com.sep490.anomaly_training_backend.enums.ReportStatus,java.lang.Long,com.sep490.anomaly_training_backend.enums.UserRole); No property 'findPendingForApprover' found for type 'TrainingPlan'
	at org.springframework.data.repository.query.QueryCreationException.create(QueryCreationException.java:101)
	at org.springframework.data.repository.core.support.QueryExecutorMethodInterceptor.lookupQuery(QueryExecutorMethodInterceptor.java:120)
	at org.springframework.data.repository.core.support.QueryExecutorMethodInterceptor.mapMethodsToQuery(QueryExecutorMethodInterceptor.java:104)
	at org.springframework.data.repository.core.support.QueryExecutorMethodInterceptor.lambda$new$0(QueryExecutorMethodInterceptor.java:92)
	at java.base/java.util.Optional.map(Optional.java:260)
	at org.springframework.data.repository.core.support.QueryExecutorMethodInterceptor.<init>(QueryExecutorMethodInterceptor.java:92)
	at org.springframework.data.repository.core.support.RepositoryFactorySupport.getRepository(RepositoryFactorySupport.java:440)
	at org.springframework.data.repository.core.support.RepositoryFactoryBeanSupport.lambda$afterPropertiesSet$4(RepositoryFactoryBeanSupport.java:350)
	at org.springframework.data.util.Lazy.getNullable(Lazy.java:135)
	at org.springframework.data.util.Lazy.get(Lazy.java:113)
	at org.springframework.data.repository.core.support.RepositoryFactoryBeanSupport.afterPropertiesSet(RepositoryFactoryBeanSupport.java:356)
	at org.springframework.data.jpa.repository.support.JpaRepositoryFactoryBean.afterPropertiesSet(JpaRepositoryFactoryBean.java:132)
	at org.springframework.beans.factory.support.AbstractAutowireCapableBeanFactory.invokeInitMethods(AbstractAutowireCapableBeanFactory.java:1855)
	at org.springframework.beans.factory.support.AbstractAutowireCapableBeanFactory.initializeBean(AbstractAutowireCapableBeanFactory.java:1804)
	... 49 common frames omitted
Caused by: java.lang.IllegalArgumentException: Failed to create query for method public abstract java.util.List com.sep490.anomaly_training_backend.repository.TrainingPlanRepository.findPendingForApprover(com.sep490.anomaly_training_backend.enums.ReportStatus,java.lang.Long,com.sep490.anomaly_training_backend.enums.UserRole); No property 'findPendingForApprover' found for type 'TrainingPlan'
	at org.springframework.data.jpa.repository.query.PartTreeJpaQuery.<init>(PartTreeJpaQuery.java:107)
	at org.springframework.data.jpa.repository.query.JpaQueryLookupStrategy$CreateQueryLookupStrategy.resolveQuery(JpaQueryLookupStrategy.java:128)
	at org.springframework.data.jpa.repository.query.JpaQueryLookupStrategy$CreateIfNotFoundQueryLookupStrategy.resolveQuery(JpaQueryLookupStrategy.java:262)
	at org.springframework.data.jpa.repository.query.JpaQueryLookupStrategy$AbstractQueryLookupStrategy.resolveQuery(JpaQueryLookupStrategy.java:99)
	at org.springframework.data.repository.core.support.QueryExecutorMethodInterceptor.lookupQuery(QueryExecutorMethodInterceptor.java:116)
	... 61 common frames omitted
Caused by: org.springframework.data.mapping.PropertyReferenceException: No property 'findPendingForApprover' found for type 'TrainingPlan'
	at org.springframework.data.mapping.PropertyPath.<init>(PropertyPath.java:94)
	at org.springframework.data.mapping.PropertyPath.create(PropertyPath.java:455)
	at org.springframework.data.mapping.PropertyPath.create(PropertyPath.java:431)
	at org.springframework.data.mapping.PropertyPath.lambda$from$0(PropertyPath.java:384)
	at java.base/java.util.concurrent.ConcurrentMap.computeIfAbsent(ConcurrentMap.java:330)
	at org.springframework.data.mapping.PropertyPath.from(PropertyPath.java:366)
	at org.springframework.data.mapping.PropertyPath.from(PropertyPath.java:344)
	at org.springframework.data.repository.query.parser.Part.<init>(Part.java:81)
	at org.springframework.data.repository.query.parser.PartTree$OrPart.lambda$new$0(PartTree.java:259)
	at java.base/java.util.stream.ReferencePipeline$3$1.accept(ReferencePipeline.java:197)
	at java.base/java.util.stream.ReferencePipeline$2$1.accept(ReferencePipeline.java:179)
	at java.base/java.util.Spliterators$ArraySpliterator.forEachRemaining(Spliterators.java:1024)
	at java.base/java.util.stream.AbstractPipeline.copyInto(AbstractPipeline.java:509)
	at java.base/java.util.stream.AbstractPipeline.wrapAndCopyInto(AbstractPipeline.java:499)
	at java.base/java.util.stream.ReduceOps$ReduceOp.evaluateSequential(ReduceOps.java:921)
	at java.base/java.util.stream.AbstractPipeline.evaluate(AbstractPipeline.java:234)
	at java.base/java.util.stream.ReferencePipeline.collect(ReferencePipeline.java:682)
	at org.springframework.data.repository.query.parser.PartTree$OrPart.<init>(PartTree.java:260)
	at org.springframework.data.repository.query.parser.PartTree$Predicate.lambda$new$0(PartTree.java:389)
	at java.base/java.util.stream.ReferencePipeline$3$1.accept(ReferencePipeline.java:197)
	at java.base/java.util.stream.ReferencePipeline$2$1.accept(ReferencePipeline.java:179)
	at java.base/java.util.Spliterators$ArraySpliterator.forEachRemaining(Spliterators.java:1024)
	at java.base/java.util.stream.AbstractPipeline.copyInto(AbstractPipeline.java:509)
	at java.base/java.util.stream.AbstractPipeline.wrapAndCopyInto(AbstractPipeline.java:499)
	at java.base/java.util.stream.ReduceOps$ReduceOp.evaluateSequential(ReduceOps.java:921)
	at java.base/java.util.stream.AbstractPipeline.evaluate(AbstractPipeline.java:234)
	at java.base/java.util.stream.ReferencePipeline.collect(ReferencePipeline.java:682)
	at org.springframework.data.repository.query.parser.PartTree$Predicate.<init>(PartTree.java:390)
	at org.springframework.data.repository.query.parser.PartTree.<init>(PartTree.java:100)
	at org.springframework.data.jpa.repository.query.PartTreeJpaQuery.<init>(PartTreeJpaQuery.java:101)
	... 65 common frames omitted
